[19-Sep-2025 18:53:36] NOTICE: fpm is running, pid 76126
[19-Sep-2025 18:53:36] NOTICE: ready to handle connections
[19-Sep-2025 18:55:31] NOTICE: Terminating ...
[19-Sep-2025 18:55:31] NOTICE: Terminating ...
[19-Sep-2025 18:55:31] NOTICE: exiting, bye-bye!
[19-Sep-2025 18:55:33] NOTICE: fpm is running, pid 76484
[19-Sep-2025 18:55:33] NOTICE: ready to handle connections
[19-Sep-2025 21:27:05] NOTICE: Terminating ...
[19-Sep-2025 21:27:05] NOTICE: Terminating ...
[19-Sep-2025 21:27:05] NOTICE: exiting, bye-bye!
[25-Sep-2025 18:46:22] NOTICE: fpm is running, pid 10214
[25-Sep-2025 18:46:22] NOTICE: ready to handle connections
[26-Sep-2025 12:01:35] NOTICE: Terminating ...
[26-Sep-2025 12:01:35] NOTICE: exiting, bye-bye!
[29-Sep-2025 11:17:29] NOTICE: fpm is running, pid 28197
[29-Sep-2025 11:17:29] NOTICE: ready to handle connections
[29-Sep-2025 13:05:31] NOTICE: Terminating ...
[29-Sep-2025 13:05:31] NOTICE: Terminating ...
[29-Sep-2025 13:05:31] NOTICE: exiting, bye-bye!
[30-Sep-2025 18:24:30] NOTICE: fpm is running, pid 4731
[30-Sep-2025 18:24:30] NOTICE: ready to handle connections
[30-Sep-2025 20:15:14] NOTICE: Terminating ...
[30-Sep-2025 20:15:14] NOTICE: Terminating ...
[30-Sep-2025 20:15:14] NOTICE: exiting, bye-bye!
[01-Oct-2025 10:56:41] NOTICE: fpm is running, pid 24137
[01-Oct-2025 10:56:41] NOTICE: ready to handle connections
